Arguments: 
  C:\Program Files\nodejs\node.exe C:\Users\asaaa\AppData\Roaming\npm\node_modules\yarn\bin\yarn.js install

PATH: 
  C:\WINDOWS\system32;C:\WINDOWS;C:\WINDOWS\System32\Wbem;C:\WINDOWS\System32\WindowsPowerShell\v1.0\;C:\Program Files\Git\cmd;C:\WINDOWS\System32\OpenSSH\;C:\Users\asaaa\Documents\Tencent Files\1205040713\FileRecv\nginx-1.11.7;;C:\Program Files\Microsoft VS Code\bin;C:\Program Files\nodejs\;C:\Users\asaaa\AppData\Local\Microsoft\WindowsApps;;C:\Program Files\Microsoft VS Code\bin;C:\Program Files (x86)\Egret\Egret Wing 3\bin;C:\Users\asaaa\AppData\Roaming\npm

Yarn version: 
  1.9.4

Node version: 
  8.12.0

Platform: 
  win32 x64

Trace: 
  Error: read ECONNRESET
      at TLSWrap.onread (net.js:622:25)

npm manifest: 
  {
    "name": "myApp",
    "version": "1.0.0",
    "private": true,
    "description": "try",
    "main": "index.js",
    "scripts": {
      "build:weapp": "taro build --type weapp",
      "build:h5": "taro build --type h5",
      "build:rn": "taro build --type rn",
      "dev:weapp": "npm run build:weapp -- --watch",
      "dev:h5": "npm run build:h5 -- --watch",
      "dev:rn": "npm run build:rn -- --watch",
      "test": "echo \"Error: no test specified\" && exit 1"
    },
    "author": "",
    "license": "MIT",
    "dependencies": {
      "@tarojs/components": "^1.0.1",
      "@tarojs/router": "^1.0.1",
      "@tarojs/taro": "^1.0.1",
      "@tarojs/taro-h5": "^1.0.1",
      "@tarojs/taro-weapp": "^1.0.1",
      "nervjs": "^1.3.0"
    },
    "devDependencies": {
      "@types/react": "16.3.14",
      "@types/webpack-env": "^1.13.6",
      "@tarojs/plugin-babel": "^1.0.1",
      "@tarojs/plugin-csso": "^1.0.1",
      "@tarojs/plugin-less": "^1.0.1",
      "@tarojs/plugin-typescript": "^1.0.1",
      "@tarojs/plugin-uglifyjs": "^1.0.1",
      "@tarojs/webpack-runner": "^1.0.1",
      "babel-plugin-transform-class-properties": "^6.24.1",
      "babel-plugin-transform-decorators-legacy": "^1.3.4",
      "babel-plugin-transform-jsx-stylesheet": "^0.6.5",
      "babel-plugin-transform-object-rest-spread": "^6.26.0",
      "babel-preset-env": "^1.6.1",
      "babel-eslint": "^8.2.3",
      "eslint": "^4.19.1",
      "eslint-config-taro": "^1.0.1",
      "eslint-plugin-react": "^7.8.2",
      "eslint-plugin-import": "^2.12.0",
      "eslint-plugin-taro": "^1.0.1",
      "typescript": "^3.0.1"
    }
  }

yarn manifest: 
  No manifest

Lockfile: 
  No lockfile
